<?xml version="1.0" encoding="UTF-8" ?>
<testsuite failures="0" time="0.03" errors="0" skipped="0" tests="3" name="it.amancini.exercises.salestaxes.AppTest">
  <properties>
[...]
</properties>
  <testcase time="0.03" classname="it.amancini.exercises.salestaxes.AppTest" name="Order_Output_Input1"/>
  <testcase time="0" classname="it.amancini.exercises.salestaxes.AppTest" name="Order_Output_Input2"/>
  <testcase time="0" classname="it.amancini.exercises.salestaxes.AppTest" name="Order_Output_Input3"/>
</testsuite>